<?xml version="1.0" encoding="UTF-8"?>
<testng-results skipped="0" failed="0" total="1" passed="1">
  <reporter-output>
  </reporter-output>
  <suite name="Suite" duration-ms="20951" started-at="2019-03-10T05:39:32Z" finished-at="2019-03-10T05:39:53Z">
    <groups>
    </groups>
    <test name="Test" duration-ms="20951" started-at="2019-03-10T05:39:32Z" finished-at="2019-03-10T05:39:53Z">
      <class name="testScript.TC_001">
        <test-method status="PASS" signature="setUp()[pri:0, instance:testScript.TC_001@39aeed2f]" name="setUp" is-config="true" duration-ms="19341" started-at="2019-03-10T11:09:32Z" finished-at="2019-03-10T11:09:52Z">
          <reporter-output>
          </reporter-output>
        </test-method> <!-- setUp -->
        <test-method status="PASS" signature="sample()[pri:0, instance:testScript.TC_001@39aeed2f]" name="sample" duration-ms="381" started-at="2019-03-10T11:09:52Z" finished-at="2019-03-10T11:09:52Z">
          <reporter-output>
          </reporter-output>
        </test-method> <!-- sample -->
        <test-method status="PASS" signature="tearDown()[pri:0, instance:testScript.TC_001@39aeed2f]" name="tearDown" is-config="true" duration-ms="1179" started-at="2019-03-10T11:09:52Z" finished-at="2019-03-10T11:09:53Z">
          <reporter-output>
          </reporter-output>
        </test-method> <!-- tearDown -->
        <test-method status="PASS" signature="tearDown()[pri:0, instance:testScript.TC_001@39aeed2f]" name="tearDown" is-config="true" duration-ms="0" started-at="2019-03-10T11:09:53Z" finished-at="2019-03-10T11:09:53Z">
          <reporter-output>
          </reporter-output>
        </test-method> <!-- tearDown -->
      </class> <!-- testScript.TC_001 -->
    </test> <!-- Test -->
  </suite> <!-- Suite -->
</testng-results>
